[32m2025-08-25 23:10:54 +0000[0m - dagster - [34mDEBUG[0m - __ASSET_JOB - 6b4d5aa3-3e55-43dc-9fe6-fc40baf53f0b - 29223 - LOGS_CAPTURED - Started capturing logs in process (pid: 29223).
[32m2025-08-25 23:10:54 +0000[0m - dagster - [34mDEBUG[0m - __ASSET_JOB - 6b4d5aa3-3e55-43dc-9fe6-fc40baf53f0b - 29223 - chequeos_entrada - STEP_START - Started execution of step "chequeos_entrada".
[32m2025-08-25 23:10:54 +0000[0m - dagster - [34mDEBUG[0m - __ASSET_JOB - 6b4d5aa3-3e55-43dc-9fe6-fc40baf53f0b - chequeos_entrada - Loading file from: /workspaces/COVID3/.dagster/storage/datos_limpios using PickledObjectFilesystemIOManager...
[32m2025-08-25 23:10:54 +0000[0m - dagster - [34mDEBUG[0m - __ASSET_JOB - 6b4d5aa3-3e55-43dc-9fe6-fc40baf53f0b - 29223 - chequeos_entrada - LOADED_INPUT - Loaded input "datos_limpios" using input manager "io_manager", from output "result" of step "datos_limpios"
[32m2025-08-25 23:10:54 +0000[0m - dagster - [34mDEBUG[0m - __ASSET_JOB - 6b4d5aa3-3e55-43dc-9fe6-fc40baf53f0b - 29223 - chequeos_entrada - STEP_INPUT - Got input "datos_limpios" of type "DataFrame". (Type check passed).
[32m2025-08-25 23:11:00 +0000[0m - dagster - [34mDEBUG[0m - __ASSET_JOB - 6b4d5aa3-3e55-43dc-9fe6-fc40baf53f0b - 29223 - chequeos_entrada - STEP_OUTPUT - Yielded output "chequeos_entrada_fechas_validas" of type "Any". (Type check passed).
[32m2025-08-25 23:11:00 +0000[0m - dagster - [34mDEBUG[0m - __ASSET_JOB - 6b4d5aa3-3e55-43dc-9fe6-fc40baf53f0b - 29223 - chequeos_entrada - ASSET_CHECK_EVALUATION - Asset check 'fechas_validas' on 'chequeos_entrada' did not pass.
[32m2025-08-25 23:11:00 +0000[0m - dagster - [34mDEBUG[0m - __ASSET_JOB - 6b4d5aa3-3e55-43dc-9fe6-fc40baf53f0b - 29223 - chequeos_entrada - STEP_OUTPUT - Yielded output "chequeos_entrada_columnas_clave_no_nulas" of type "Any". (Type check passed).
[32m2025-08-25 23:11:00 +0000[0m - dagster - [34mDEBUG[0m - __ASSET_JOB - 6b4d5aa3-3e55-43dc-9fe6-fc40baf53f0b - 29223 - chequeos_entrada - ASSET_CHECK_EVALUATION - Asset check 'columnas_clave_no_nulas' on 'chequeos_entrada' passed.
[32m2025-08-25 23:11:00 +0000[0m - dagster - [34mDEBUG[0m - __ASSET_JOB - 6b4d5aa3-3e55-43dc-9fe6-fc40baf53f0b - 29223 - chequeos_entrada - STEP_OUTPUT - Yielded output "chequeos_entrada_unicidad_location_date" of type "Any". (Type check passed).
[32m2025-08-25 23:11:00 +0000[0m - dagster - [34mDEBUG[0m - __ASSET_JOB - 6b4d5aa3-3e55-43dc-9fe6-fc40baf53f0b - 29223 - chequeos_entrada - ASSET_CHECK_EVALUATION - Asset check 'unicidad_location_date' on 'chequeos_entrada' passed.
[32m2025-08-25 23:11:00 +0000[0m - dagster - [34mDEBUG[0m - __ASSET_JOB - 6b4d5aa3-3e55-43dc-9fe6-fc40baf53f0b - 29223 - chequeos_entrada - STEP_OUTPUT - Yielded output "chequeos_entrada_population_positiva" of type "Any". (Type check passed).
[32m2025-08-25 23:11:00 +0000[0m - dagster - [34mDEBUG[0m - __ASSET_JOB - 6b4d5aa3-3e55-43dc-9fe6-fc40baf53f0b - 29223 - chequeos_entrada - ASSET_CHECK_EVALUATION - Asset check 'population_positiva' on 'chequeos_entrada' passed.
[32m2025-08-25 23:11:00 +0000[0m - dagster - [34mDEBUG[0m - __ASSET_JOB - 6b4d5aa3-3e55-43dc-9fe6-fc40baf53f0b - 29223 - chequeos_entrada - STEP_OUTPUT - Yielded output "chequeos_entrada_new_cases_validos" of type "Any". (Type check passed).
[32m2025-08-25 23:11:00 +0000[0m - dagster - [34mDEBUG[0m - __ASSET_JOB - 6b4d5aa3-3e55-43dc-9fe6-fc40baf53f0b - 29223 - chequeos_entrada - ASSET_CHECK_EVALUATION - Asset check 'new_cases_validos' on 'chequeos_entrada' passed.
[32m2025-08-25 23:11:00 +0000[0m - dagster - [34mDEBUG[0m - __ASSET_JOB - 6b4d5aa3-3e55-43dc-9fe6-fc40baf53f0b - 29223 - chequeos_entrada - STEP_OUTPUT - Yielded output "result" of type "Any". (Type check passed).
[32m2025-08-25 23:11:00 +0000[0m - dagster - [34mDEBUG[0m - __ASSET_JOB - 6b4d5aa3-3e55-43dc-9fe6-fc40baf53f0b - chequeos_entrada - Writing file at: /workspaces/COVID3/.dagster/storage/chequeos_entrada using PickledObjectFilesystemIOManager...
[32m2025-08-25 23:11:01 +0000[0m - dagster - [34mDEBUG[0m - __ASSET_JOB - 6b4d5aa3-3e55-43dc-9fe6-fc40baf53f0b - 29223 - chequeos_entrada - ASSET_MATERIALIZATION - Materialized value chequeos_entrada.
[32m2025-08-25 23:11:01 +0000[0m - dagster - [34mDEBUG[0m - __ASSET_JOB - 6b4d5aa3-3e55-43dc-9fe6-fc40baf53f0b - 29223 - chequeos_entrada - HANDLED_OUTPUT - Handled output "result" using IO manager "io_manager"
[32m2025-08-25 23:11:01 +0000[0m - dagster - [34mDEBUG[0m - __ASSET_JOB - 6b4d5aa3-3e55-43dc-9fe6-fc40baf53f0b - 29223 - chequeos_entrada - STEP_SUCCESS - Finished execution of step "chequeos_entrada" in 6.94s.
