[32m2025-08-26 04:50:31 +0000[0m - dagster - [34mDEBUG[0m - __ASSET_JOB - b52edd1f-d96f-4a4f-be56-30d986e2db00 - 4288 - LOGS_CAPTURED - Started capturing logs in process (pid: 4288).
[32m2025-08-26 04:50:31 +0000[0m - dagster - [34mDEBUG[0m - __ASSET_JOB - b52edd1f-d96f-4a4f-be56-30d986e2db00 - 4288 - chequeos_entrada - STEP_START - Started execution of step "chequeos_entrada".
[32m2025-08-26 04:50:31 +0000[0m - dagster - [34mDEBUG[0m - __ASSET_JOB - b52edd1f-d96f-4a4f-be56-30d986e2db00 - chequeos_entrada - Loading file from: /workspaces/COVID3/.dagster/storage/datos_limpios using PickledObjectFilesystemIOManager...
[32m2025-08-26 04:50:31 +0000[0m - dagster - [34mDEBUG[0m - __ASSET_JOB - b52edd1f-d96f-4a4f-be56-30d986e2db00 - 4288 - chequeos_entrada - LOADED_INPUT - Loaded input "datos_limpios" using input manager "io_manager", from output "result" of step "datos_limpios"
[32m2025-08-26 04:50:31 +0000[0m - dagster - [34mDEBUG[0m - __ASSET_JOB - b52edd1f-d96f-4a4f-be56-30d986e2db00 - 4288 - chequeos_entrada - STEP_INPUT - Got input "datos_limpios" of type "DataFrame". (Type check passed).
[32m2025-08-26 04:50:31 +0000[0m - dagster - [34mDEBUG[0m - __ASSET_JOB - b52edd1f-d96f-4a4f-be56-30d986e2db00 - 4288 - chequeos_entrada - STEP_OUTPUT - Yielded output "chequeos_entrada_fechas_validas" of type "Any". (Type check passed).
[32m2025-08-26 04:50:31 +0000[0m - dagster - [34mDEBUG[0m - __ASSET_JOB - b52edd1f-d96f-4a4f-be56-30d986e2db00 - 4288 - chequeos_entrada - ASSET_CHECK_EVALUATION - Asset check 'fechas_validas' on 'chequeos_entrada' passed.
[32m2025-08-26 04:50:31 +0000[0m - dagster - [34mDEBUG[0m - __ASSET_JOB - b52edd1f-d96f-4a4f-be56-30d986e2db00 - 4288 - chequeos_entrada - STEP_OUTPUT - Yielded output "chequeos_entrada_columnas_clave_no_nulas" of type "Any". (Type check passed).
[32m2025-08-26 04:50:31 +0000[0m - dagster - [34mDEBUG[0m - __ASSET_JOB - b52edd1f-d96f-4a4f-be56-30d986e2db00 - 4288 - chequeos_entrada - ASSET_CHECK_EVALUATION - Asset check 'columnas_clave_no_nulas' on 'chequeos_entrada' passed.
[32m2025-08-26 04:50:31 +0000[0m - dagster - [34mDEBUG[0m - __ASSET_JOB - b52edd1f-d96f-4a4f-be56-30d986e2db00 - 4288 - chequeos_entrada - STEP_OUTPUT - Yielded output "chequeos_entrada_unicidad_location_date" of type "Any". (Type check passed).
[32m2025-08-26 04:50:32 +0000[0m - dagster - [34mDEBUG[0m - __ASSET_JOB - b52edd1f-d96f-4a4f-be56-30d986e2db00 - 4288 - chequeos_entrada - ASSET_CHECK_EVALUATION - Asset check 'unicidad_location_date' on 'chequeos_entrada' passed.
[32m2025-08-26 04:50:32 +0000[0m - dagster - [34mDEBUG[0m - __ASSET_JOB - b52edd1f-d96f-4a4f-be56-30d986e2db00 - 4288 - chequeos_entrada - STEP_OUTPUT - Yielded output "chequeos_entrada_population_positiva" of type "Any". (Type check passed).
[32m2025-08-26 04:50:32 +0000[0m - dagster - [34mDEBUG[0m - __ASSET_JOB - b52edd1f-d96f-4a4f-be56-30d986e2db00 - 4288 - chequeos_entrada - ASSET_CHECK_EVALUATION - Asset check 'population_positiva' on 'chequeos_entrada' passed.
[32m2025-08-26 04:50:32 +0000[0m - dagster - [34mDEBUG[0m - __ASSET_JOB - b52edd1f-d96f-4a4f-be56-30d986e2db00 - 4288 - chequeos_entrada - STEP_OUTPUT - Yielded output "chequeos_entrada_new_cases_validos" of type "Any". (Type check passed).
[32m2025-08-26 04:50:32 +0000[0m - dagster - [34mDEBUG[0m - __ASSET_JOB - b52edd1f-d96f-4a4f-be56-30d986e2db00 - 4288 - chequeos_entrada - ASSET_CHECK_EVALUATION - Asset check 'new_cases_validos' on 'chequeos_entrada' passed.
[32m2025-08-26 04:50:32 +0000[0m - dagster - [34mDEBUG[0m - __ASSET_JOB - b52edd1f-d96f-4a4f-be56-30d986e2db00 - 4288 - chequeos_entrada - STEP_OUTPUT - Yielded output "result" of type "Any". (Type check passed).
[32m2025-08-26 04:50:32 +0000[0m - dagster - [34mDEBUG[0m - __ASSET_JOB - b52edd1f-d96f-4a4f-be56-30d986e2db00 - chequeos_entrada - Writing file at: /workspaces/COVID3/.dagster/storage/chequeos_entrada using PickledObjectFilesystemIOManager...
[32m2025-08-26 04:50:35 +0000[0m - dagster - [34mDEBUG[0m - __ASSET_JOB - b52edd1f-d96f-4a4f-be56-30d986e2db00 - 4288 - chequeos_entrada - ASSET_MATERIALIZATION - Materialized value chequeos_entrada.
[32m2025-08-26 04:50:35 +0000[0m - dagster - [34mDEBUG[0m - __ASSET_JOB - b52edd1f-d96f-4a4f-be56-30d986e2db00 - 4288 - chequeos_entrada - HANDLED_OUTPUT - Handled output "result" using IO manager "io_manager"
[32m2025-08-26 04:50:35 +0000[0m - dagster - [34mDEBUG[0m - __ASSET_JOB - b52edd1f-d96f-4a4f-be56-30d986e2db00 - 4288 - chequeos_entrada - STEP_SUCCESS - Finished execution of step "chequeos_entrada" in 4.74s.
